<html>
<body>
<pre>
<h1>µVision Build Log</h1>
<h2>Tool Versions:</h2>
IDE-Version: µVision V5.29.0.0
Copyright (C) 2019 ARM Ltd and ARM Germany GmbH. All rights reserved.
License Information: Brenna Kinder, UW Madison, LIC=----
 
Tool Versions:
Toolchain:       MDK-Lite  Version: 5.29.0.0
Toolchain Path:  C:\Keil_v5\ARM\ARMCC\Bin
C Compiler:      Armcc.exe V5.06 update 6 (build 750)
Assembler:       Armasm.exe V5.06 update 6 (build 750)
Linker/Locator:  ArmLink.exe V5.06 update 6 (build 750)
Library Manager: ArmAr.exe V5.06 update 6 (build 750)
Hex Converter:   FromElf.exe V5.06 update 6 (build 750)
CPU DLL:         SARMCM3.DLL V5.29.0.0
Dialog DLL:      DCM.DLL V1.17.3.0
Target DLL:      lmidk-agdi.dll V???
Dialog DLL:      TCM.DLL V1.36.5.0
 
<h2>Project:</h2>
C:\Users\bkind\Desktop\UW Madison\Spring 2020\ECE 353\353_ICE\ICE_Distribution\ICE_Distribution\ece353Team8\Project.uvprojx
Project File Date:  04/15/2020

<h2>Output:</h2>
*** Using Compiler 'V5.06 update 6 (build 750)', folder: 'C:\Keil_v5\ARM\ARMCC\Bin'
Rebuild target 'Project-F19'
compiling pc_buffer.c...
compiling adc.c...
compiling project_hardware_init.c...
compiling project_interrupts.c...
compiling gpio_port.c...
..\drivers\c\gpio_port.c(82): warning:  #188-D: enumerated type mixed with another type
         return 0;
..\drivers\c\gpio_port.c(462): warning:  #177-D: variable "gpioPort"  was declared but never referenced
    GPIOA_Type  *gpioPort;
..\drivers\c\gpio_port.c: 2 warnings, 0 errors
compiling i2c.c...
compiling main.c...
main.c(135): error:  #165: too few arguments in function call
  				hit = check_if_hit();//needs image info
main.c(137): error:  #165: too few arguments in function call
  				hit = check_if_hit();//needs image info
main.c(159): error:  #20: identifier "cactusWidthPixels" is undefined
                            cactusWidthPixels,   // Image Horizontal Width
main.c(161): error:  #20: identifier "cactusHeightPixels" is undefined
                            cactusHeightPixels,  // Image Vertical Height
main.c(162): error:  #20: identifier "cactusBitmaps" is undefined
                            cactusBitmaps,       // Image
main.c(168): error:  #165: too few arguments in function call
  					hit = check_if_hit();//needs image info
main.c(170): error:  #165: too few arguments in function call
  					hit = check_if_hit();//needs image info
main.c(194): error:  #20: identifier "pterodactylWidthPixels" is undefined
                            pterodactylWidthPixels,   // Image Horizontal Width
main.c(196): error:  #20: identifier "pterodactylHeightPixels" is undefined
                            pterodactylHeightPixels,  // Image Vertical Height
main.c(197): error:  #20: identifier "pterodactylBitmaps" is undefined
                            pterodactylBitmaps,       // Image
main.c(203): error:  #165: too few arguments in function call
  					hit = check_if_hit();//needs image info
main.c(205): error:  #165: too few arguments in function call
  					hit = check_if_hit();//needs image info
main.c: 0 warnings, 12 errors
compiling timers.c...
compiling spi.c...
compiling uart.c...
..\drivers\c\uart.c(184): warning:  #188-D: enumerated type mixed with another type
         return 0;
..\drivers\c\uart.c: 1 warning, 0 errors
compiling accel.c...
..\peripherals\c\accel.c(10): warning:  #177-D: function "accel_CSN_low"  was declared but never referenced
  static __INLINE void  accel_CSN_low(void)
..\peripherals\c\accel.c(18): warning:  #177-D: function "accel_CSN_high"  was declared but never referenced
  static __INLINE void  accel_CSN_high(void)
..\peripherals\c\accel.c: 2 warnings, 0 errors
compiling ft6x06.c...
..\peripherals\c\ft6x06.c(112): warning:  #68-D: integer conversion resulted in a change of sign
      return -1;
..\peripherals\c\ft6x06.c(118): warning:  #68-D: integer conversion resulted in a change of sign
      return -1;
..\peripherals\c\ft6x06.c(124): warning:  #68-D: integer conversion resulted in a change of sign
  				return -1;
..\peripherals\c\ft6x06.c(150): warning:  #68-D: integer conversion resulted in a change of sign
      return -1;
..\peripherals\c\ft6x06.c(156): warning:  #68-D: integer conversion resulted in a change of sign
      return -1;
..\peripherals\c\ft6x06.c(165): warning:  #68-D: integer conversion resulted in a change of sign
      return -1;
..\peripherals\c\ft6x06.c(171): warning:  #68-D: integer conversion resulted in a change of sign
      return -1;
..\peripherals\c\ft6x06.c(200): warning:  #68-D: integer conversion resulted in a change of sign
      return -1;
..\peripherals\c\ft6x06.c(206): warning:  #68-D: integer conversion resulted in a change of sign
      return -1;
..\peripherals\c\ft6x06.c(215): warning:  #68-D: integer conversion resulted in a change of sign
      return -1;
..\peripherals\c\ft6x06.c(221): warning:  #68-D: integer conversion resulted in a change of sign
      return -1;
..\peripherals\c\ft6x06.c: 11 warnings, 0 errors
compiling launchpad_io.c...
compiling eeprom.c...
compiling lcd.c...
assembling ws2812b.s...
assembling startup_TM4C123.s...
compiling spi_select.c...
compiling ps2.c...
compiling system_TM4C123.c...
compiling serial_debug.c...
..\peripherals\c\serial_debug.c(173): warning:  #177-D: variable "uart_base"  was declared but never referenced
     uint32_t uart_base;
..\peripherals\c\serial_debug.c(174): warning:  #177-D: variable "tx_buffer"  was declared but never referenced
     PC_Buffer *tx_buffer;
..\peripherals\c\serial_debug.c: 2 warnings, 0 errors
".\obj\ece353_base_project.axf" - 12 Error(s), 18 Warning(s).

<h2>Software Packages used:</h2>

Package Vendor: ARM
                http://www.keil.com/pack/ARM.CMSIS.5.6.0.pack
                ARM.CMSIS.5.6.0
                CMSIS (Cortex Microcontroller Software Interface Standard)
   * Component: CORE Version: 5.3.0

Package Vendor: Keil
                http://www.keil.com/pack/Keil.TM4C_DFP.1.1.0.pack
                Keil.TM4C_DFP.1.1.0
                Texas Instruments Tiva C Series Device Support and Examples
   * Component: Startup Version: 1.0.1

<h2>Collection of Component include folders:</h2>
  .\RTE\_Project-F19
  C:\Users\bkind\AppData\Local\Arm\Packs\ARM\CMSIS\5.6.0\CMSIS\Core\Include
  C:\Users\bkind\AppData\Local\Arm\Packs\Keil\TM4C_DFP\1.1.0\Device\Include\TM4C123

<h2>Collection of Component Files used:</h2>

   * Component: ARM::CMSIS:CORE:5.3.0

   * Component: Keil::Device:Startup:1.0.1
      Include file:  Device\Include\TM4C123\TM4C123.h
      Source file:   Device\Source\ARM\startup_TM4C123.s
      Source file:   Device\Source\system_TM4C123.c
Target not created.
Build Time Elapsed:  00:00:03
</pre>
</body>
</html>
